<?xml version="1.0" encoding="UTF-8"?>
<testng-results skipped="3" failed="0" ignored="0" total="6" passed="3">
  <reporter-output>
  </reporter-output>
  <suite name="Default suite" duration-ms="98191" started-at="2023-05-28T10:53:13Z" finished-at="2023-05-28T10:54:51Z">
    <groups>
      <group name="cucumber">
        <method signature="AbstractTestNGCucumberTests.runScenario(io.cucumber.testng.PickleWrapper, io.cucumber.testng.FeatureWrapper)[pri:0, instance:testRunner.TestRunner@4b14c583]" name="runScenario" class="io.cucumber.testng.AbstractTestNGCucumberTests"/>
      </group> <!-- cucumber -->
    </groups>
    <test name="Default test" duration-ms="98191" started-at="2023-05-28T10:53:13Z" finished-at="2023-05-28T10:54:51Z">
      <class name="testRunner.TestRunner">
        <test-method status="PASS" signature="setUpClass(org.testng.ITestContext)[pri:0, instance:testRunner.TestRunner@4b14c583]" name="setUpClass" is-config="true" duration-ms="6690" started-at="2023-05-28T10:53:13Z" finished-at="2023-05-28T10:53:20Z">
          <params>
            <param index="0">
              <value>
                <![CDATA[org.testng.TestRunner@6968c1d6]]>
              </value>
            </param>
          </params>
          <reporter-output>
          </reporter-output>
        </test-method> <!-- setUpClass -->
        <test-method status="PASS" signature="runScenario(io.cucumber.testng.PickleWrapper, io.cucumber.testng.FeatureWrapper)[pri:0, instance:testRunner.TestRunner@4b14c583]" name="runScenario" duration-ms="17334" started-at="2023-05-28T10:53:20Z" description="Runs Cucumber Scenarios" data-provider="scenarios" finished-at="2023-05-28T10:53:37Z">
          <params>
            <param index="0">
              <value>
                <![CDATA["Add an item from kitchen department"]]>
              </value>
            </param>
            <param index="1">
              <value>
                <![CDATA["Add an item to cart1"]]>
              </value>
            </param>
          </params>
          <reporter-output>
          </reporter-output>
        </test-method> <!-- runScenario -->
        <test-method status="PASS" signature="runScenario(io.cucumber.testng.PickleWrapper, io.cucumber.testng.FeatureWrapper)[pri:0, instance:testRunner.TestRunner@4b14c583]" name="runScenario" duration-ms="36069" started-at="2023-05-28T10:53:37Z" description="Runs Cucumber Scenarios" data-provider="scenarios" finished-at="2023-05-28T10:54:13Z">
          <params>
            <param index="0">
              <value>
                <![CDATA["Add an item from kitchen department"]]>
              </value>
            </param>
            <param index="1">
              <value>
                <![CDATA["Add an item to cart1"]]>
              </value>
            </param>
          </params>
          <reporter-output>
          </reporter-output>
        </test-method> <!-- runScenario -->
        <test-method status="PASS" signature="runScenario(io.cucumber.testng.PickleWrapper, io.cucumber.testng.FeatureWrapper)[pri:0, instance:testRunner.TestRunner@4b14c583]" name="runScenario" duration-ms="36471" started-at="2023-05-28T10:54:13Z" description="Runs Cucumber Scenarios" data-provider="scenarios" finished-at="2023-05-28T10:54:50Z">
          <params>
            <param index="0">
              <value>
                <![CDATA["Add an item from kitchen department"]]>
              </value>
            </param>
            <param index="1">
              <value>
                <![CDATA["Add an item to cart1"]]>
              </value>
            </param>
          </params>
          <reporter-output>
          </reporter-output>
        </test-method> <!-- runScenario -->
        <test-method status="SKIP" signature="runScenario(io.cucumber.testng.PickleWrapper, io.cucumber.testng.FeatureWrapper)[pri:0, instance:testRunner.TestRunner@4b14c583]" name="runScenario" duration-ms="17" started-at="2023-05-28T10:54:50Z" description="Runs Cucumber Scenarios" data-provider="scenarios" finished-at="2023-05-28T10:54:50Z">
          <params>
            <param index="0">
              <value>
                <![CDATA["Add an item from kitchen department"]]>
              </value>
            </param>
            <param index="1">
              <value>
                <![CDATA["Add an item to cart2"]]>
              </value>
            </param>
          </params>
          <exception class="org.testng.SkipException">
            <message>
              <![CDATA[This feature is not set for execution in the moduledriver]]>
            </message>
            <full-stacktrace>
              <![CDATA[org.testng.SkipException: This feature is not set for execution in the moduledriver
at stepDefinition.StepDefinations.beforeEachScenario(StepDefinations.java:39)
]]>
            </full-stacktrace>
          </exception> <!-- org.testng.SkipException -->
          <reporter-output>
          </reporter-output>
        </test-method> <!-- runScenario -->
        <test-method status="SKIP" signature="runScenario(io.cucumber.testng.PickleWrapper, io.cucumber.testng.FeatureWrapper)[pri:0, instance:testRunner.TestRunner@4b14c583]" name="runScenario" duration-ms="7" started-at="2023-05-28T10:54:50Z" description="Runs Cucumber Scenarios" data-provider="scenarios" finished-at="2023-05-28T10:54:50Z">
          <params>
            <param index="0">
              <value>
                <![CDATA["Add an item from kitchen department"]]>
              </value>
            </param>
            <param index="1">
              <value>
                <![CDATA["Add an item to cart2"]]>
              </value>
            </param>
          </params>
          <exception class="org.testng.SkipException">
            <message>
              <![CDATA[This feature is not set for execution in the moduledriver]]>
            </message>
            <full-stacktrace>
              <![CDATA[org.testng.SkipException: This feature is not set for execution in the moduledriver
at stepDefinition.StepDefinations.beforeEachScenario(StepDefinations.java:39)
]]>
            </full-stacktrace>
          </exception> <!-- org.testng.SkipException -->
          <reporter-output>
          </reporter-output>
        </test-method> <!-- runScenario -->
        <test-method status="SKIP" signature="runScenario(io.cucumber.testng.PickleWrapper, io.cucumber.testng.FeatureWrapper)[pri:0, instance:testRunner.TestRunner@4b14c583]" name="runScenario" duration-ms="10" started-at="2023-05-28T10:54:50Z" description="Runs Cucumber Scenarios" data-provider="scenarios" finished-at="2023-05-28T10:54:50Z">
          <params>
            <param index="0">
              <value>
                <![CDATA["Add an item from kitchen department"]]>
              </value>
            </param>
            <param index="1">
              <value>
                <![CDATA["Add an item to cart2"]]>
              </value>
            </param>
          </params>
          <exception class="org.testng.SkipException">
            <message>
              <![CDATA[This feature is not set for execution in the moduledriver]]>
            </message>
            <full-stacktrace>
              <![CDATA[org.testng.SkipException: This feature is not set for execution in the moduledriver
at stepDefinition.StepDefinations.beforeEachScenario(StepDefinations.java:39)
]]>
            </full-stacktrace>
          </exception> <!-- org.testng.SkipException -->
          <reporter-output>
          </reporter-output>
        </test-method> <!-- runScenario -->
        <test-method status="PASS" signature="tearDownClass()[pri:0, instance:testRunner.TestRunner@4b14c583]" name="tearDownClass" is-config="true" duration-ms="1548" started-at="2023-05-28T10:54:50Z" finished-at="2023-05-28T10:54:51Z">
          <reporter-output>
          </reporter-output>
        </test-method> <!-- tearDownClass -->
      </class> <!-- testRunner.TestRunner -->
    </test> <!-- Default test -->
  </suite> <!-- Default suite -->
</testng-results>
