<html>
<head>
<title>TestNG:  Default test</title>
<link href="../testng.css" rel="stylesheet" type="text/css" />
<link href="../my-testng.css" rel="stylesheet" type="text/css" />

<style type="text/css">
.log { display: none;} 
.stack-trace { display: none;} 
</style>
<script type="text/javascript">
<!--
function flip(e) {
  current = e.style.display;
  if (current == 'block') {
    e.style.display = 'none';
    return 0;
  }
  else {
    e.style.display = 'block';
    return 1;
  }
}

function toggleBox(szDivId, elem, msg1, msg2)
{
  var res = -1;  if (document.getElementById) {
    res = flip(document.getElementById(szDivId));
  }
  else if (document.all) {
    // this is the way old msie versions work
    res = flip(document.all[szDivId]);
  }
  if(elem) {
    if(res == 0) elem.innerHTML = msg1; else elem.innerHTML = msg2;
  }

}

function toggleAllBoxes() {
  if (document.getElementsByTagName) {
    d = document.getElementsByTagName('div');
    for (i = 0; i < d.length; i++) {
      if (d[i].className == 'log') {
        flip(d[i]);
      }
    }
  }
}

// -->
</script>

</head>
<body>
<h2 align='center'>Default test</h2><table border='1' align="center">
<tr>
<td>Tests passed/Failed/Skipped:</td><td>3/0/3</td>
</tr><tr>
<td>Started on:</td><td>Sun May 28 16:23:13 IST 2023</td>
</tr>
<tr><td>Total time:</td><td>98 seconds (98191 ms)</td>
</tr><tr>
<td>Included groups:</td><td></td>
</tr><tr>
<td>Excluded groups:</td><td></td>
</tr>
</table><p/>
<small><i>(Hover the method name to see the test class name)</i></small><p/>
<table width='100%' border='1' class='invocation-passed'>
<tr><td colspan='4' align='center'><b>PASSED TESTS</b></td></tr>
<tr><td><b>Test method</b></td>
<td width="30%"><b>Exception</b></td>
<td width="10%"><b>Time (seconds)</b></td>
<td><b>Instance</b></td>
</tr>
<tr>
<td title='testRunner.TestRunner.runScenario()'><b>runScenario</b><br>Test class: testRunner.TestRunner<br>Test method: Runs Cucumber Scenarios<br>Parameters: "Add an item from kitchen department", "Add an item to cart1"</td>
<td></td>
<td>17</td>
<td>testRunner.TestRunner@4b14c583</td></tr>
<tr>
<td title='testRunner.TestRunner.runScenario()'><b>runScenario</b><br>Test class: testRunner.TestRunner<br>Test method: Runs Cucumber Scenarios<br>Parameters: "Add an item from kitchen department", "Add an item to cart1"</td>
<td></td>
<td>36</td>
<td>testRunner.TestRunner@4b14c583</td></tr>
<tr>
<td title='testRunner.TestRunner.runScenario()'><b>runScenario</b><br>Test class: testRunner.TestRunner<br>Test method: Runs Cucumber Scenarios<br>Parameters: "Add an item from kitchen department", "Add an item to cart1"</td>
<td></td>
<td>36</td>
<td>testRunner.TestRunner@4b14c583</td></tr>
</table><p>
<table width='100%' border='1' class='invocation-skipped'>
<tr><td colspan='4' align='center'><b>SKIPPED TESTS</b></td></tr>
<tr><td><b>Test method</b></td>
<td width="30%"><b>Exception</b></td>
<td width="10%"><b>Time (seconds)</b></td>
<td><b>Instance</b></td>
</tr>
<tr>
<td title='testRunner.TestRunner.runScenario()'><b>runScenario</b><br>Test class: testRunner.TestRunner<br>Test method: Runs Cucumber Scenarios<br>Parameters: "Add an item from kitchen department", "Add an item to cart2"</td>
<td><div><pre>org.testng.SkipException: This feature is not set for execution in the moduledriver
	at stepDefinition.StepDefinations.beforeEachScenario(StepDefinations.java:39)
</pre></div><a href='#' onClick='toggleBox("stack-trace1260390769", this, "Click to show all stack frames", "Click to hide stack frames")'>Click to show all stack frames</a>
<div class='stack-trace' id='stack-trace1260390769'><pre>org.testng.SkipException: This feature is not set for execution in the moduledriver
	at stepDefinition.StepDefinations.beforeEachScenario(StepDefinations.java:39)
</pre></div></td>
<td>0</td>
<td>testRunner.TestRunner@4b14c583</td></tr>
<tr>
<td title='testRunner.TestRunner.runScenario()'><b>runScenario</b><br>Test class: testRunner.TestRunner<br>Test method: Runs Cucumber Scenarios<br>Parameters: "Add an item from kitchen department", "Add an item to cart2"</td>
<td><div><pre>org.testng.SkipException: This feature is not set for execution in the moduledriver
	at stepDefinition.StepDefinations.beforeEachScenario(StepDefinations.java:39)
</pre></div><a href='#' onClick='toggleBox("stack-trace1758962399", this, "Click to show all stack frames", "Click to hide stack frames")'>Click to show all stack frames</a>
<div class='stack-trace' id='stack-trace1758962399'><pre>org.testng.SkipException: This feature is not set for execution in the moduledriver
	at stepDefinition.StepDefinations.beforeEachScenario(StepDefinations.java:39)
</pre></div></td>
<td>0</td>
<td>testRunner.TestRunner@4b14c583</td></tr>
<tr>
<td title='testRunner.TestRunner.runScenario()'><b>runScenario</b><br>Test class: testRunner.TestRunner<br>Test method: Runs Cucumber Scenarios<br>Parameters: "Add an item from kitchen department", "Add an item to cart2"</td>
<td><div><pre>org.testng.SkipException: This feature is not set for execution in the moduledriver
	at stepDefinition.StepDefinations.beforeEachScenario(StepDefinations.java:39)
</pre></div><a href='#' onClick='toggleBox("stack-trace318555935", this, "Click to show all stack frames", "Click to hide stack frames")'>Click to show all stack frames</a>
<div class='stack-trace' id='stack-trace318555935'><pre>org.testng.SkipException: This feature is not set for execution in the moduledriver
	at stepDefinition.StepDefinations.beforeEachScenario(StepDefinations.java:39)
</pre></div></td>
<td>0</td>
<td>testRunner.TestRunner@4b14c583</td></tr>
</table><p>
</body>
</html>